  [4;36;1mSQL (0.2ms)[0m   [0;1mSET NAMES 'utf8'[0m
  [4;35;1mSQL (0.1ms)[0m   [0mSET SQL_AUTO_IS_NULL=0[0m
  [4;36;1mSQL (0.3ms)[0m   [0;1mSHOW TABLES[0m
  [4;35;1mSQL (156.5ms)[0m   [0mCREATE TABLE `schema_migrations` (`version` varchar(255) NOT NULL) ENGINE=InnoDB[0m
  [4;36;1mSQL (11.0ms)[0m   [0;1mCREATE UNIQUE INDEX `unique_schema_migrations` ON `schema_migrations` (`version`)[0m
  [4;35;1mSQL (0.5ms)[0m   [0mSHOW TABLES[0m
  [4;36;1mSQL (0.4ms)[0m   [0;1mSELECT version FROM schema_migrations[0m
Migrating to CreateAlunos (20100528141913)
  [4;35;1mSQL (5.8ms)[0m   [0mCREATE TABLE `alunos` (`id` int(11) DEFAULT NULL auto_increment PRIMARY KEY, `nome` varchar(255), `created_at` datetime, `updated_at` datetime) ENGINE=InnoDB[0m
  [4;36;1mSQL (2.4ms)[0m   [0;1mINSERT INTO schema_migrations (version) VALUES ('20100528141913')[0m
Migrating to CreateBolsistas (20100528141956)
  [4;35;1mSQL (3.5ms)[0m   [0mCREATE TABLE `bolsistas` (`id` int(11) DEFAULT NULL auto_increment PRIMARY KEY, `cod` int(11), `created_at` datetime, `updated_at` datetime) ENGINE=InnoDB[0m
  [4;36;1mSQL (0.6ms)[0m   [0;1mINSERT INTO schema_migrations (version) VALUES ('20100528141956')[0m
Migrating to CreateProjetos (20100528142431)
  [4;35;1mSQL (4.8ms)[0m   [0mCREATE TABLE `projetos` (`id` int(11) DEFAULT NULL auto_increment PRIMARY KEY, `nome` varchar(255), `created_at` datetime, `updated_at` datetime) ENGINE=InnoDB[0m
  [4;36;1mSQL (1.2ms)[0m   [0;1mINSERT INTO schema_migrations (version) VALUES ('20100528142431')[0m
Migrating to CreateAvaliacaos (20100528142449)
  [4;35;1mSQL (3.9ms)[0m   [0mCREATE TABLE `avaliacaos` (`id` int(11) DEFAULT NULL auto_increment PRIMARY KEY, `nota` int(11), `created_at` datetime, `updated_at` datetime) ENGINE=InnoDB[0m
  [4;36;1mSQL (0.6ms)[0m   [0;1mINSERT INTO schema_migrations (version) VALUES ('20100528142449')[0m
Migrating to CreateAssessors (20100528142505)
  [4;35;1mSQL (3.1ms)[0m   [0mCREATE TABLE `assessors` (`id` int(11) DEFAULT NULL auto_increment PRIMARY KEY, `nome` varchar(255), `created_at` datetime, `updated_at` datetime) ENGINE=InnoDB[0m
  [4;36;1mSQL (0.6ms)[0m   [0;1mINSERT INTO schema_migrations (version) VALUES ('20100528142505')[0m
Migrating to CreateRecursos (20100528142531)
  [4;35;1mSQL (3.3ms)[0m   [0mCREATE TABLE `recursos` (`id` int(11) DEFAULT NULL auto_increment PRIMARY KEY, `nome` varchar(255), `created_at` datetime, `updated_at` datetime) ENGINE=InnoDB[0m
  [4;36;1mSQL (0.9ms)[0m   [0;1mINSERT INTO schema_migrations (version) VALUES ('20100528142531')[0m
  [4;35;1mSQL (0.6ms)[0m   [0mSHOW TABLES[0m
  [4;36;1mSQL (0.3ms)[0m   [0;1mSELECT version FROM schema_migrations[0m
  [4;35;1mSQL (0.4ms)[0m   [0mSHOW TABLES[0m
  [4;36;1mSQL (2.7ms)[0m   [0;1mSHOW FIELDS FROM `alunos`[0m
  [4;35;1mSQL (2.3ms)[0m   [0mdescribe `alunos`[0m
  [4;36;1mSQL (0.5ms)[0m   [0;1mSHOW KEYS FROM `alunos`[0m
  [4;35;1mSQL (2.4ms)[0m   [0mSHOW FIELDS FROM `assessors`[0m
  [4;36;1mSQL (2.3ms)[0m   [0;1mdescribe `assessors`[0m
  [4;35;1mSQL (0.6ms)[0m   [0mSHOW KEYS FROM `assessors`[0m
  [4;36;1mSQL (2.5ms)[0m   [0;1mSHOW FIELDS FROM `avaliacaos`[0m
  [4;35;1mSQL (2.3ms)[0m   [0mdescribe `avaliacaos`[0m
  [4;36;1mSQL (0.2ms)[0m   [0;1mSHOW KEYS FROM `avaliacaos`[0m
  [4;35;1mSQL (1.0ms)[0m   [0mSHOW FIELDS FROM `bolsistas`[0m
  [4;36;1mSQL (0.9ms)[0m   [0;1mdescribe `bolsistas`[0m
  [4;35;1mSQL (0.2ms)[0m   [0mSHOW KEYS FROM `bolsistas`[0m
  [4;36;1mSQL (1.0ms)[0m   [0;1mSHOW FIELDS FROM `projetos`[0m
  [4;35;1mSQL (0.9ms)[0m   [0mdescribe `projetos`[0m
  [4;36;1mSQL (0.2ms)[0m   [0;1mSHOW KEYS FROM `projetos`[0m
  [4;35;1mSQL (1.1ms)[0m   [0mSHOW FIELDS FROM `recursos`[0m
  [4;36;1mSQL (0.9ms)[0m   [0;1mdescribe `recursos`[0m
  [4;35;1mSQL (0.2ms)[0m   [0mSHOW KEYS FROM `recursos`[0m
  [4;36;1mSQL (0.1ms)[0m   [0;1mSET NAMES 'utf8'[0m
  [4;35;1mSQL (0.2ms)[0m   [0mSET SQL_AUTO_IS_NULL=0[0m
  [4;36;1mSQL (16.7ms)[0m   [0;1mSHOW TABLES[0m
  [4;35;1mSQL (159.0ms)[0m   [0mCREATE TABLE `schema_migrations` (`version` varchar(255) NOT NULL) ENGINE=InnoDB[0m
  [4;36;1mSQL (12.6ms)[0m   [0;1mCREATE UNIQUE INDEX `unique_schema_migrations` ON `schema_migrations` (`version`)[0m
  [4;35;1mSQL (0.5ms)[0m   [0mSHOW TABLES[0m
  [4;36;1mSQL (0.4ms)[0m   [0;1mSELECT version FROM schema_migrations[0m
Migrating to CreateAlunos (20100528145531)
  [4;35;1mSQL (5.5ms)[0m   [0mCREATE TABLE `alunos` (`id` int(11) DEFAULT NULL auto_increment PRIMARY KEY, `nome` varchar(255), `created_at` datetime, `updated_at` datetime) ENGINE=InnoDB[0m
  [4;36;1mSQL (1.7ms)[0m   [0;1mINSERT INTO schema_migrations (version) VALUES ('20100528145531')[0m
Migrating to CreateBolsistas (20100528145545)
  [4;35;1mSQL (3.6ms)[0m   [0mCREATE TABLE `bolsistas` (`id` int(11) DEFAULT NULL auto_increment PRIMARY KEY, `nome` varchar(255), `created_at` datetime, `updated_at` datetime) ENGINE=InnoDB[0m
  [4;36;1mSQL (0.6ms)[0m   [0;1mINSERT INTO schema_migrations (version) VALUES ('20100528145545')[0m
Migrating to CreateProjetos (20100528145553)
  [4;35;1mSQL (34.7ms)[0m   [0mCREATE TABLE `projetos` (`id` int(11) DEFAULT NULL auto_increment PRIMARY KEY, `nome` varchar(255), `created_at` datetime, `updated_at` datetime) ENGINE=InnoDB[0m
  [4;36;1mSQL (0.8ms)[0m   [0;1mINSERT INTO schema_migrations (version) VALUES ('20100528145553')[0m
Migrating to CreateRecursos (20100528145600)
  [4;35;1mSQL (5.5ms)[0m   [0mCREATE TABLE `recursos` (`id` int(11) DEFAULT NULL auto_increment PRIMARY KEY, `nome` varchar(255), `created_at` datetime, `updated_at` datetime) ENGINE=InnoDB[0m
  [4;36;1mSQL (0.8ms)[0m   [0;1mINSERT INTO schema_migrations (version) VALUES ('20100528145600')[0m
Migrating to CreateAvaliacoes (20100528145613)
  [4;35;1mSQL (6.1ms)[0m   [0mCREATE TABLE `avaliacoes` (`id` int(11) DEFAULT NULL auto_increment PRIMARY KEY, `nome` varchar(255), `created_at` datetime, `updated_at` datetime) ENGINE=InnoDB[0m
  [4;36;1mSQL (1.7ms)[0m   [0;1mINSERT INTO schema_migrations (version) VALUES ('20100528145613')[0m
Migrating to CreateAssessores (20100528145626)
  [4;35;1mSQL (4.3ms)[0m   [0mCREATE TABLE `assessores` (`id` int(11) DEFAULT NULL auto_increment PRIMARY KEY, `nome` varchar(255), `created_at` datetime, `updated_at` datetime) ENGINE=InnoDB[0m
  [4;36;1mSQL (1.0ms)[0m   [0;1mINSERT INTO schema_migrations (version) VALUES ('20100528145626')[0m
  [4;35;1mSQL (0.6ms)[0m   [0mSHOW TABLES[0m
  [4;36;1mSQL (0.3ms)[0m   [0;1mSELECT version FROM schema_migrations[0m
  [4;35;1mSQL (0.4ms)[0m   [0mSHOW TABLES[0m
  [4;36;1mSQL (2.2ms)[0m   [0;1mSHOW FIELDS FROM `alunos`[0m
  [4;35;1mSQL (1.8ms)[0m   [0mdescribe `alunos`[0m
  [4;36;1mSQL (0.6ms)[0m   [0;1mSHOW KEYS FROM `alunos`[0m
  [4;35;1mSQL (2.0ms)[0m   [0mSHOW FIELDS FROM `assessores`[0m
  [4;36;1mSQL (1.8ms)[0m   [0;1mdescribe `assessores`[0m
  [4;35;1mSQL (0.5ms)[0m   [0mSHOW KEYS FROM `assessores`[0m
  [4;36;1mSQL (2.0ms)[0m   [0;1mSHOW FIELDS FROM `avaliacoes`[0m
  [4;35;1mSQL (0.7ms)[0m   [0mdescribe `avaliacoes`[0m
  [4;36;1mSQL (0.2ms)[0m   [0;1mSHOW KEYS FROM `avaliacoes`[0m
  [4;35;1mSQL (0.8ms)[0m   [0mSHOW FIELDS FROM `bolsistas`[0m
  [4;36;1mSQL (0.7ms)[0m   [0;1mdescribe `bolsistas`[0m
  [4;35;1mSQL (0.2ms)[0m   [0mSHOW KEYS FROM `bolsistas`[0m
  [4;36;1mSQL (1.2ms)[0m   [0;1mSHOW FIELDS FROM `projetos`[0m
  [4;35;1mSQL (0.8ms)[0m   [0mdescribe `projetos`[0m
  [4;36;1mSQL (0.2ms)[0m   [0;1mSHOW KEYS FROM `projetos`[0m
  [4;35;1mSQL (0.8ms)[0m   [0mSHOW FIELDS FROM `recursos`[0m
  [4;36;1mSQL (0.7ms)[0m   [0;1mdescribe `recursos`[0m
  [4;35;1mSQL (0.2ms)[0m   [0mSHOW KEYS FROM `recursos`[0m
  [4;36;1mSQL (0.1ms)[0m   [0;1mSET NAMES 'utf8'[0m
  [4;35;1mSQL (0.1ms)[0m   [0mSET SQL_AUTO_IS_NULL=0[0m
  [4;36;1mSQL (0.3ms)[0m   [0;1mSHOW TABLES[0m
  [4;35;1mSQL (0.2ms)[0m   [0mSELECT version FROM schema_migrations[0m
  [4;36;1mSQL (0.1ms)[0m   [0;1mSET NAMES 'utf8'[0m
  [4;35;1mSQL (0.1ms)[0m   [0mSET SQL_AUTO_IS_NULL=0[0m
  [4;36;1mSQL (0.3ms)[0m   [0;1mSHOW TABLES[0m
  [4;35;1mSQL (0.2ms)[0m   [0mSELECT version FROM schema_migrations[0m
  [4;36;1mSQL (0.2ms)[0m   [0;1mSET NAMES 'utf8'[0m
  [4;35;1mSQL (0.1ms)[0m   [0mSET SQL_AUTO_IS_NULL=0[0m
  [4;36;1mSQL (0.3ms)[0m   [0;1mSHOW TABLES[0m
  [4;35;1mSQL (0.2ms)[0m   [0mSELECT version FROM schema_migrations[0m
  [4;36;1mSQL (0.1ms)[0m   [0;1mSET NAMES 'utf8'[0m
  [4;35;1mSQL (0.1ms)[0m   [0mSET SQL_AUTO_IS_NULL=0[0m
  [4;36;1mSQL (0.3ms)[0m   [0;1mSHOW TABLES[0m
  [4;35;1mSQL (0.2ms)[0m   [0mSELECT version FROM schema_migrations[0m
  [4;36;1mSQL (0.1ms)[0m   [0;1mSET NAMES 'utf8'[0m
  [4;35;1mSQL (0.1ms)[0m   [0mSET SQL_AUTO_IS_NULL=0[0m
  [4;36;1mSQL (0.4ms)[0m   [0;1mDROP DATABASE IF EXISTS `orm_exercise_test`[0m
  [4;35;1mSQL (0.2ms)[0m   [0mCREATE DATABASE `orm_exercise_test` DEFAULT CHARACTER SET `utf8`[0m
  [4;36;1mSQL (0.1ms)[0m   [0;1mSET NAMES 'utf8'[0m
  [4;35;1mSQL (0.1ms)[0m   [0mSET SQL_AUTO_IS_NULL=0[0m
  [4;36;1mSQL (0.2ms)[0m   [0;1mSHOW TABLES[0m
  [4;35;1mSQL (96.9ms)[0m   [0mCREATE TABLE `alunos` (`id` int(11) DEFAULT NULL auto_increment PRIMARY KEY, `nome` varchar(255), `created_at` datetime, `updated_at` datetime) ENGINE=InnoDB[0m
  [4;36;1mSQL (0.5ms)[0m   [0;1mSHOW TABLES[0m
  [4;35;1mSQL (64.0ms)[0m   [0mCREATE TABLE `assessores` (`id` int(11) DEFAULT NULL auto_increment PRIMARY KEY, `nome` varchar(255), `created_at` datetime, `updated_at` datetime) ENGINE=InnoDB[0m
  [4;36;1mSQL (0.5ms)[0m   [0;1mSHOW TABLES[0m
  [4;35;1mSQL (9.5ms)[0m   [0mCREATE TABLE `avaliacoes` (`id` int(11) DEFAULT NULL auto_increment PRIMARY KEY, `nome` varchar(255), `created_at` datetime, `updated_at` datetime) ENGINE=InnoDB[0m
  [4;36;1mSQL (0.4ms)[0m   [0;1mSHOW TABLES[0m
  [4;35;1mSQL (8.1ms)[0m   [0mCREATE TABLE `bolsistas` (`id` int(11) DEFAULT NULL auto_increment PRIMARY KEY, `nome` varchar(255), `created_at` datetime, `updated_at` datetime) ENGINE=InnoDB[0m
  [4;36;1mSQL (0.4ms)[0m   [0;1mSHOW TABLES[0m
  [4;35;1mSQL (6.2ms)[0m   [0mCREATE TABLE `projetos` (`id` int(11) DEFAULT NULL auto_increment PRIMARY KEY, `nome` varchar(255), `created_at` datetime, `updated_at` datetime) ENGINE=InnoDB[0m
  [4;36;1mSQL (0.5ms)[0m   [0;1mSHOW TABLES[0m
  [4;35;1mSQL (8.1ms)[0m   [0mCREATE TABLE `recursos` (`id` int(11) DEFAULT NULL auto_increment PRIMARY KEY, `nome` varchar(255), `created_at` datetime, `updated_at` datetime) ENGINE=InnoDB[0m
  [4;36;1mSQL (0.4ms)[0m   [0;1mSHOW TABLES[0m
  [4;35;1mSQL (6.3ms)[0m   [0mCREATE TABLE `schema_migrations` (`version` varchar(255) NOT NULL) ENGINE=InnoDB[0m
  [4;36;1mSQL (10.7ms)[0m   [0;1mCREATE UNIQUE INDEX `unique_schema_migrations` ON `schema_migrations` (`version`)[0m
  [4;35;1mSQL (0.5ms)[0m   [0mSHOW TABLES[0m
  [4;36;1mSQL (0.4ms)[0m   [0;1mSELECT version FROM `schema_migrations`[0m
  [4;35;1mSQL (1.2ms)[0m   [0mINSERT INTO `schema_migrations` (version) VALUES ('20100528145626')[0m
  [4;36;1mSQL (1.1ms)[0m   [0;1mINSERT INTO `schema_migrations` (version) VALUES ('20100528145600')[0m
  [4;35;1mSQL (0.7ms)[0m   [0mINSERT INTO `schema_migrations` (version) VALUES ('20100528145531')[0m
  [4;36;1mSQL (0.7ms)[0m   [0;1mINSERT INTO `schema_migrations` (version) VALUES ('20100528145553')[0m
  [4;35;1mSQL (0.7ms)[0m   [0mINSERT INTO `schema_migrations` (version) VALUES ('20100528145545')[0m
  [4;36;1mSQL (0.8ms)[0m   [0;1mINSERT INTO `schema_migrations` (version) VALUES ('20100528145613')[0m
  [4;36;1mSQL (0.1ms)[0m   [0;1mSET NAMES 'utf8'[0m
  [4;35;1mSQL (0.1ms)[0m   [0mSET SQL_AUTO_IS_NULL=0[0m
  [4;36;1mSQL (0.3ms)[0m   [0;1mSHOW TABLES[0m
  [4;35;1mSQL (0.2ms)[0m   [0mSELECT version FROM schema_migrations[0m
  [4;36;1mSQL (0.1ms)[0m   [0;1mSET NAMES 'utf8'[0m
  [4;35;1mSQL (0.1ms)[0m   [0mSET SQL_AUTO_IS_NULL=0[0m
  [4;36;1mSQL (93.7ms)[0m   [0;1mDROP DATABASE IF EXISTS `orm_exercise_test`[0m
  [4;35;1mSQL (0.6ms)[0m   [0mCREATE DATABASE `orm_exercise_test` DEFAULT CHARACTER SET `utf8`[0m
  [4;36;1mSQL (0.1ms)[0m   [0;1mSET NAMES 'utf8'[0m
  [4;35;1mSQL (0.1ms)[0m   [0mSET SQL_AUTO_IS_NULL=0[0m
  [4;36;1mSQL (0.6ms)[0m   [0;1mSHOW TABLES[0m
  [4;35;1mSQL (93.6ms)[0m   [0mCREATE TABLE `alunos` (`id` int(11) DEFAULT NULL auto_increment PRIMARY KEY, `nome` varchar(255), `created_at` datetime, `updated_at` datetime) ENGINE=InnoDB[0m
  [4;36;1mSQL (0.5ms)[0m   [0;1mSHOW TABLES[0m
  [4;35;1mSQL (4.3ms)[0m   [0mCREATE TABLE `assessores` (`id` int(11) DEFAULT NULL auto_increment PRIMARY KEY, `nome` varchar(255), `created_at` datetime, `updated_at` datetime) ENGINE=InnoDB[0m
  [4;36;1mSQL (0.4ms)[0m   [0;1mSHOW TABLES[0m
  [4;35;1mSQL (9.9ms)[0m   [0mCREATE TABLE `avaliacoes` (`id` int(11) DEFAULT NULL auto_increment PRIMARY KEY, `nome` varchar(255), `created_at` datetime, `updated_at` datetime) ENGINE=InnoDB[0m
  [4;36;1mSQL (0.4ms)[0m   [0;1mSHOW TABLES[0m
  [4;35;1mSQL (11.8ms)[0m   [0mCREATE TABLE `bolsistas` (`id` int(11) DEFAULT NULL auto_increment PRIMARY KEY, `nome` varchar(255), `created_at` datetime, `updated_at` datetime) ENGINE=InnoDB[0m
  [4;36;1mSQL (0.5ms)[0m   [0;1mSHOW TABLES[0m
  [4;35;1mSQL (7.1ms)[0m   [0mCREATE TABLE `projetos` (`id` int(11) DEFAULT NULL auto_increment PRIMARY KEY, `nome` varchar(255), `created_at` datetime, `updated_at` datetime) ENGINE=InnoDB[0m
  [4;36;1mSQL (0.5ms)[0m   [0;1mSHOW TABLES[0m
  [4;35;1mSQL (7.6ms)[0m   [0mCREATE TABLE `recursos` (`id` int(11) DEFAULT NULL auto_increment PRIMARY KEY, `nome` varchar(255), `created_at` datetime, `updated_at` datetime) ENGINE=InnoDB[0m
  [4;36;1mSQL (0.4ms)[0m   [0;1mSHOW TABLES[0m
  [4;35;1mSQL (7.3ms)[0m   [0mCREATE TABLE `schema_migrations` (`version` varchar(255) NOT NULL) ENGINE=InnoDB[0m
  [4;36;1mSQL (13.6ms)[0m   [0;1mCREATE UNIQUE INDEX `unique_schema_migrations` ON `schema_migrations` (`version`)[0m
  [4;35;1mSQL (0.5ms)[0m   [0mSHOW TABLES[0m
  [4;36;1mSQL (0.4ms)[0m   [0;1mSELECT version FROM `schema_migrations`[0m
  [4;35;1mSQL (1.4ms)[0m   [0mINSERT INTO `schema_migrations` (version) VALUES ('20100528145626')[0m
  [4;36;1mSQL (1.3ms)[0m   [0;1mINSERT INTO `schema_migrations` (version) VALUES ('20100528145600')[0m
  [4;35;1mSQL (0.8ms)[0m   [0mINSERT INTO `schema_migrations` (version) VALUES ('20100528145531')[0m
  [4;36;1mSQL (0.8ms)[0m   [0;1mINSERT INTO `schema_migrations` (version) VALUES ('20100528145553')[0m
  [4;35;1mSQL (0.8ms)[0m   [0mINSERT INTO `schema_migrations` (version) VALUES ('20100528145545')[0m
  [4;36;1mSQL (1.0ms)[0m   [0;1mINSERT INTO `schema_migrations` (version) VALUES ('20100528145613')[0m
  [4;36;1mSQL (0.1ms)[0m   [0;1mSET NAMES 'utf8'[0m
  [4;35;1mSQL (0.1ms)[0m   [0mSET SQL_AUTO_IS_NULL=0[0m
  [4;36;1mSQL (0.3ms)[0m   [0;1mSHOW TABLES[0m
  [4;35;1mSQL (0.2ms)[0m   [0mSELECT version FROM schema_migrations[0m
  [4;36;1mSQL (0.1ms)[0m   [0;1mSET NAMES 'utf8'[0m
  [4;35;1mSQL (0.1ms)[0m   [0mSET SQL_AUTO_IS_NULL=0[0m
  [4;36;1mSQL (87.6ms)[0m   [0;1mDROP DATABASE IF EXISTS `orm_exercise_test`[0m
  [4;35;1mSQL (0.6ms)[0m   [0mCREATE DATABASE `orm_exercise_test` DEFAULT CHARACTER SET `utf8`[0m
  [4;36;1mSQL (0.1ms)[0m   [0;1mSET NAMES 'utf8'[0m
  [4;35;1mSQL (0.1ms)[0m   [0mSET SQL_AUTO_IS_NULL=0[0m
  [4;36;1mSQL (0.2ms)[0m   [0;1mSHOW TABLES[0m
  [4;35;1mSQL (91.7ms)[0m   [0mCREATE TABLE `alunos` (`id` int(11) DEFAULT NULL auto_increment PRIMARY KEY, `nome` varchar(255), `created_at` datetime, `updated_at` datetime) ENGINE=InnoDB[0m
  [4;36;1mSQL (0.5ms)[0m   [0;1mSHOW TABLES[0m
  [4;35;1mSQL (5.1ms)[0m   [0mCREATE TABLE `assessores` (`id` int(11) DEFAULT NULL auto_increment PRIMARY KEY, `nome` varchar(255), `created_at` datetime, `updated_at` datetime) ENGINE=InnoDB[0m
  [4;36;1mSQL (0.4ms)[0m   [0;1mSHOW TABLES[0m
  [4;35;1mSQL (10.1ms)[0m   [0mCREATE TABLE `avaliacoes` (`id` int(11) DEFAULT NULL auto_increment PRIMARY KEY, `nome` varchar(255), `created_at` datetime, `updated_at` datetime) ENGINE=InnoDB[0m
  [4;36;1mSQL (0.4ms)[0m   [0;1mSHOW TABLES[0m
  [4;35;1mSQL (4.9ms)[0m   [0mCREATE TABLE `bolsistas` (`id` int(11) DEFAULT NULL auto_increment PRIMARY KEY, `nome` varchar(255), `created_at` datetime, `updated_at` datetime) ENGINE=InnoDB[0m
  [4;36;1mSQL (0.4ms)[0m   [0;1mSHOW TABLES[0m
  [4;35;1mSQL (7.0ms)[0m   [0mCREATE TABLE `projetos` (`id` int(11) DEFAULT NULL auto_increment PRIMARY KEY, `nome` varchar(255), `created_at` datetime, `updated_at` datetime) ENGINE=InnoDB[0m
  [4;36;1mSQL (0.4ms)[0m   [0;1mSHOW TABLES[0m
  [4;35;1mSQL (6.2ms)[0m   [0mCREATE TABLE `recursos` (`id` int(11) DEFAULT NULL auto_increment PRIMARY KEY, `nome` varchar(255), `created_at` datetime, `updated_at` datetime) ENGINE=InnoDB[0m
  [4;36;1mSQL (0.4ms)[0m   [0;1mSHOW TABLES[0m
  [4;35;1mSQL (10.6ms)[0m   [0mCREATE TABLE `schema_migrations` (`version` varchar(255) NOT NULL) ENGINE=InnoDB[0m
  [4;36;1mSQL (16.8ms)[0m   [0;1mCREATE UNIQUE INDEX `unique_schema_migrations` ON `schema_migrations` (`version`)[0m
  [4;35;1mSQL (0.5ms)[0m   [0mSHOW TABLES[0m
  [4;36;1mSQL (0.4ms)[0m   [0;1mSELECT version FROM `schema_migrations`[0m
  [4;35;1mSQL (1.0ms)[0m   [0mINSERT INTO `schema_migrations` (version) VALUES ('20100528145626')[0m
  [4;36;1mSQL (1.4ms)[0m   [0;1mINSERT INTO `schema_migrations` (version) VALUES ('20100528145600')[0m
  [4;35;1mSQL (0.9ms)[0m   [0mINSERT INTO `schema_migrations` (version) VALUES ('20100528145531')[0m
  [4;36;1mSQL (0.8ms)[0m   [0;1mINSERT INTO `schema_migrations` (version) VALUES ('20100528145553')[0m
  [4;35;1mSQL (0.9ms)[0m   [0mINSERT INTO `schema_migrations` (version) VALUES ('20100528145545')[0m
  [4;36;1mSQL (0.9ms)[0m   [0;1mINSERT INTO `schema_migrations` (version) VALUES ('20100528145613')[0m
  [4;36;1mSQL (0.1ms)[0m   [0;1mSET NAMES 'utf8'[0m
  [4;35;1mSQL (0.1ms)[0m   [0mSET SQL_AUTO_IS_NULL=0[0m
  [4;36;1mSQL (0.3ms)[0m   [0;1mSHOW TABLES[0m
  [4;35;1mSQL (0.2ms)[0m   [0mSELECT version FROM schema_migrations[0m
  [4;36;1mSQL (0.1ms)[0m   [0;1mSET NAMES 'utf8'[0m
  [4;35;1mSQL (0.1ms)[0m   [0mSET SQL_AUTO_IS_NULL=0[0m
  [4;36;1mSQL (75.7ms)[0m   [0;1mDROP DATABASE IF EXISTS `orm_exercise_test`[0m
  [4;35;1mSQL (0.6ms)[0m   [0mCREATE DATABASE `orm_exercise_test` DEFAULT CHARACTER SET `utf8`[0m
  [4;36;1mSQL (0.1ms)[0m   [0;1mSET NAMES 'utf8'[0m
  [4;35;1mSQL (0.1ms)[0m   [0mSET SQL_AUTO_IS_NULL=0[0m
  [4;36;1mSQL (0.2ms)[0m   [0;1mSHOW TABLES[0m
  [4;35;1mSQL (91.2ms)[0m   [0mCREATE TABLE `alunos` (`id` int(11) DEFAULT NULL auto_increment PRIMARY KEY, `nome` varchar(255), `created_at` datetime, `updated_at` datetime) ENGINE=InnoDB[0m
  [4;36;1mSQL (0.5ms)[0m   [0;1mSHOW TABLES[0m
  [4;35;1mSQL (4.9ms)[0m   [0mCREATE TABLE `assessores` (`id` int(11) DEFAULT NULL auto_increment PRIMARY KEY, `nome` varchar(255), `created_at` datetime, `updated_at` datetime) ENGINE=InnoDB[0m
  [4;36;1mSQL (0.4ms)[0m   [0;1mSHOW TABLES[0m
  [4;35;1mSQL (9.6ms)[0m   [0mCREATE TABLE `avaliacoes` (`id` int(11) DEFAULT NULL auto_increment PRIMARY KEY, `nome` varchar(255), `created_at` datetime, `updated_at` datetime) ENGINE=InnoDB[0m
  [4;36;1mSQL (0.4ms)[0m   [0;1mSHOW TABLES[0m
  [4;35;1mSQL (10.1ms)[0m   [0mCREATE TABLE `bolsistas` (`id` int(11) DEFAULT NULL auto_increment PRIMARY KEY, `nome` varchar(255), `created_at` datetime, `updated_at` datetime) ENGINE=InnoDB[0m
  [4;36;1mSQL (0.4ms)[0m   [0;1mSHOW TABLES[0m
  [4;35;1mSQL (7.0ms)[0m   [0mCREATE TABLE `projetos` (`id` int(11) DEFAULT NULL auto_increment PRIMARY KEY, `nome` varchar(255), `created_at` datetime, `updated_at` datetime) ENGINE=InnoDB[0m
  [4;36;1mSQL (0.5ms)[0m   [0;1mSHOW TABLES[0m
  [4;35;1mSQL (7.0ms)[0m   [0mCREATE TABLE `recursos` (`id` int(11) DEFAULT NULL auto_increment PRIMARY KEY, `nome` varchar(255), `created_at` datetime, `updated_at` datetime) ENGINE=InnoDB[0m
  [4;36;1mSQL (0.4ms)[0m   [0;1mSHOW TABLES[0m
  [4;35;1mSQL (6.3ms)[0m   [0mCREATE TABLE `schema_migrations` (`version` varchar(255) NOT NULL) ENGINE=InnoDB[0m
  [4;36;1mSQL (12.8ms)[0m   [0;1mCREATE UNIQUE INDEX `unique_schema_migrations` ON `schema_migrations` (`version`)[0m
  [4;35;1mSQL (0.5ms)[0m   [0mSHOW TABLES[0m
  [4;36;1mSQL (0.4ms)[0m   [0;1mSELECT version FROM `schema_migrations`[0m
  [4;35;1mSQL (1.0ms)[0m   [0mINSERT INTO `schema_migrations` (version) VALUES ('20100528145626')[0m
  [4;36;1mSQL (0.8ms)[0m   [0;1mINSERT INTO `schema_migrations` (version) VALUES ('20100528145600')[0m
  [4;35;1mSQL (0.7ms)[0m   [0mINSERT INTO `schema_migrations` (version) VALUES ('20100528145531')[0m
  [4;36;1mSQL (0.8ms)[0m   [0;1mINSERT INTO `schema_migrations` (version) VALUES ('20100528145553')[0m
  [4;35;1mSQL (0.8ms)[0m   [0mINSERT INTO `schema_migrations` (version) VALUES ('20100528145545')[0m
  [4;36;1mSQL (1.1ms)[0m   [0;1mINSERT INTO `schema_migrations` (version) VALUES ('20100528145613')[0m
  [4;36;1mSQL (0.2ms)[0m   [0;1mSET NAMES 'utf8'[0m
  [4;35;1mSQL (0.1ms)[0m   [0mSET SQL_AUTO_IS_NULL=0[0m
  [4;36;1mAluno Columns (2.6ms)[0m   [0;1mSHOW FIELDS FROM `alunos`[0m
  [4;35;1mBolsista Columns (2.3ms)[0m   [0mSHOW FIELDS FROM `bolsistas`[0m
  [4;36;1mSQL (0.6ms)[0m   [0;1mSHOW TABLES[0m
  [4;36;1mSQL (0.2ms)[0m   [0;1mSET NAMES 'utf8'[0m
  [4;35;1mSQL (0.1ms)[0m   [0mSET SQL_AUTO_IS_NULL=0[0m
  [4;36;1mAluno Columns (1.2ms)[0m   [0;1mSHOW FIELDS FROM `alunos`[0m
  [4;35;1mBolsista Columns (2.4ms)[0m   [0mSHOW FIELDS FROM `bolsistas`[0m
  [4;36;1mSQL (0.2ms)[0m   [0;1mBEGIN[0m
  [4;35;1mSQL (0.1ms)[0m   [0mCOMMIT[0m
  [4;36;1mSQL (0.2ms)[0m   [0;1mBEGIN[0m
  [4;35;1mSQL (0.1ms)[0m   [0mCOMMIT[0m
